Started by user [8mha:AAAAlh+LCAAAAAAAAP9b85aBtbiIQTGjNKU4P08vOT+vOD8nVc83PyU1x6OyILUoJzMv2y+/JJUBAhiZGBgqihhk0NSjKDWzXb3RdlLBUSYGJk8GtpzUvPSSDB8G5tKinBIGIZ+sxLJE/ZzEvHT94JKizLx0a6BxUmjGOUNodHsLgAzOEgYu/dLi1CL9vNKcHACFIKlWvwAAAA==[0manonymous
Building in workspace /Users/taylorecton/Documents/Automated-test-selector/automatedTestSelector/work/jobs/test2/workspace
 > git rev-parse --is-inside-work-tree # timeout=10
Fetching changes from the remote Git repository
 > git config remote.origin.url https://github.com/BearEars/learning_jenkins.git # timeout=10
Fetching upstream changes from https://github.com/BearEars/learning_jenkins.git
 > git --version # timeout=10
 > git fetch --tags --progress https://github.com/BearEars/learning_jenkins.git +refs/heads/*:refs/remotes/origin/*
 > git rev-parse refs/remotes/origin/master^{commit} # timeout=10
 > git rev-parse refs/remotes/origin/origin/master^{commit} # timeout=10
Checking out Revision 63ff952ab78dce5906d8f10b4d09e67ad27a2347 (refs/remotes/origin/master)
 > git config core.sparsecheckout # timeout=10
 > git checkout -f 63ff952ab78dce5906d8f10b4d09e67ad27a2347
 > git rev-list 63ff952ab78dce5906d8f10b4d09e67ad27a2347 # timeout=10
[workspace] $ ant test
Buildfile: /Users/taylorecton/Documents/Automated-test-selector/automatedTestSelector/work/jobs/test2/workspace/build.xml

[8mha:AAAAYB+LCAAAAAAAAP9b85aBtbiIQT6jNKU4P0+vJLE4u1gvPjGvRM8xryQksSg9tcQvvyTVvqNr/s+Vl9uYGBgqihikoKqT8/OK83NS9ZwhNEghAwQwghQWAADROOumXQAAAA==[0mcompile:
    [javac] /Users/taylorecton/Documents/Automated-test-selector/automatedTestSelector/work/jobs/test2/workspace/build.xml:23: warning: 'includeantruntime' was not set, defaulting to build.sysclasspath=last; set to false for repeatable builds

[8mha:AAAAYB+LCAAAAAAAAP9b85aBtbiIQT6jNKU4P0+vJLE4u1gvPjGvRM8xryQksSg9tcQvvyTVvqNr/s+Vl9uYGBgqihikoKqT8/OK83NS9ZwhNEghAwQwghQWAADROOumXQAAAA==[0mtest:
    [junit] Running TestJunit1
    [junit] Tests run: 1, Failures: 1, Errors: 0, Skipped: 0, Time elapsed: 5.03 sec
    [junit] Test TestJunit1 FAILED
    [junit] Running TestJunit2
    [junit] Tests run: 1, Failures: 1, Errors: 0, Skipped: 0, Time elapsed: 5.006 sec
    [junit] Test TestJunit2 FAILED
    [junit] Running TestMessageUtil
    [junit] Tests run: 2, Failures: 0, Errors: 0, Skipped: 0, Time elapsed: 5.004 sec
[junitreport] Processing /Users/taylorecton/Documents/Automated-test-selector/automatedTestSelector/work/jobs/test2/workspace/test-reports/TESTS-TestSuites.xml to /var/folders/np/q065qryn0pnbl1pqpss1qmy40000gn/T/null297085027
[junitreport] Loading stylesheet jar:file:/Users/taylorecton/Tools/apache-ant-1.10.1/lib/ant-junit.jar!/org/apache/tools/ant/taskdefs/optional/junit/xsl/junit-frames.xsl
[junitreport] Transform time: 270ms
[junitreport] Deleting: /var/folders/np/q065qryn0pnbl1pqpss1qmy40000gn/T/null297085027

[8mha:AAAAYB+LCAAAAAAAAP9b85aBtbiIQSGjNKU4P0+vJLE4u1gvPjGvRM8xr8S/tCQ5PzfVL78ktUuDM0uMry+HiYGhoohBCqo8OT+vOD8nVc8ZQoMUMkAAI0hhAQAUXUdTXgAAAA==[0mBUILD SUCCESSFUL
Total time: 15 seconds
Recording test results
Build step 'Publish JUnit test result report' changed build result to UNSTABLE
Finished: UNSTABLE
